# JRE version: Java(TM) SE Runtime Environment (8.0_92-b14) (build 1.8.0_92-b14)
# Java VM: Java HotSpot(TM) Client VM (25.92-b14 mixed mode windows-x86 )
Heap:
 def new generation   total 39424K, used 31641K [0x04600000, 0x070c0000, 0x0f0a0000)
  eden space 35072K,  81% used [0x04600000, 0x061e8ab0, 0x06840000)
  from space 4352K,  70% used [0x06840000, 0x06b3dbb8, 0x06c80000)
  to   space 4352K,   0% used [0x06c80000, 0x06c80000, 0x070c0000)
 tenured generation   total 87424K, used 30057K [0x0f0a0000, 0x14600000, 0x24600000)
   the space 87424K,  34% used [0x0f0a0000, 0x10dfa780, 0x10dfa800, 0x14600000)
 Metaspace       used 18253K, capacity 18689K, committed 18816K, reserved 18816K
GC Heap History (10 events):
Event: 0.694 GC heap before
{Heap before GC invocations=0 (full 0):
 def new generation   total 39296K, used 34938K [0x04600000, 0x070a0000, 0x0f0a0000)
  eden space 34944K,  99% used [0x04600000, 0x0681e930, 0x06820000)
  from space 4352K,   0% used [0x06820000, 0x06820000, 0x06c60000)
  to   space 4352K,   0% used [0x06c60000, 0x06c60000, 0x070a0000)
 tenured generation   total 87424K, used 0K [0x0f0a0000, 0x14600000, 0x24600000)
   the space 87424K,   0% used [0x0f0a0000, 0x0f0a0000, 0x0f0a0200, 0x14600000)
 Metaspace       used 9662K, capacity 9830K, committed 9984K, reserved 10624K
Event: 0.703 GC heap after
Heap after GC invocations=1 (full 0):
 def new generation   total 39296K, used 4352K [0x04600000, 0x070a0000, 0x0f0a0000)
  eden space 34944K,   0% used [0x04600000, 0x04600000, 0x06820000)
  from space 4352K, 100% used [0x06c60000, 0x070a0000, 0x070a0000)
  to   space 4352K,   0% used [0x06820000, 0x06820000, 0x06c60000)
 tenured generation   total 87424K, used 2948K [0x0f0a0000, 0x14600000, 0x24600000)
   the space 87424K,   3% used [0x0f0a0000, 0x0f381258, 0x0f381400, 0x14600000)
 Metaspace       used 9662K, capacity 9830K, committed 9984K, reserved 10624K
}
Event: 1.189 GC heap before
{Heap before GC invocations=1 (full 0):
 def new generation   total 39296K, used 39296K [0x04600000, 0x070a0000, 0x0f0a0000)
  eden space 34944K, 100% used [0x04600000, 0x06820000, 0x06820000)
  from space 4352K, 100% used [0x06c60000, 0x070a0000, 0x070a0000)
  to   space 4352K,   0% used [0x06820000, 0x06820000, 0x06c60000)
 tenured generation   total 87424K, used 2948K [0x0f0a0000, 0x14600000, 0x24600000)
   the space 87424K,   3% used [0x0f0a0000, 0x0f381258, 0x0f381400, 0x14600000)
 Metaspace       used 11349K, capacity 11710K, committed 11776K, reserved 12672K
Event: 1.205 GC heap after
Heap after GC invocations=2 (full 0):
 def new generation   total 39296K, used 4352K [0x04600000, 0x070a0000, 0x0f0a0000)
  eden space 34944K,   0% used [0x04600000, 0x04600000, 0x06820000)
  from space 4352K, 100% used [0x06820000, 0x06c60000, 0x06c60000)
  to   space 4352K,   0% used [0x06c60000, 0x06c60000, 0x070a0000)
 tenured generation   total 87424K, used 8697K [0x0f0a0000, 0x14600000, 0x24600000)
   the space 87424K,   9% used [0x0f0a0000, 0x0f91e6a8, 0x0f91e800, 0x14600000)
 Metaspace       used 11349K, capacity 11710K, committed 11776K, reserved 12672K
}
Event: 1.811 GC heap before
{Heap before GC invocations=2 (full 0):
 def new generation   total 39296K, used 16319K [0x04600000, 0x070a0000, 0x0f0a0000)
  eden space 34944K,  34% used [0x04600000, 0x051afd48, 0x06820000)
  from space 4352K, 100% used [0x06820000, 0x06c60000, 0x06c60000)
  to   space 4352K,   0% used [0x06c60000, 0x06c60000, 0x070a0000)
 tenured generation   total 87424K, used 8697K [0x0f0a0000, 0x14600000, 0x24600000)
   the space 87424K,   9% used [0x0f0a0000, 0x0f91e6a8, 0x0f91e800, 0x14600000)
 Metaspace       used 11909K, capacity 12257K, committed 12288K, reserved 12672K
Event: 1.834 GC heap after
Heap after GC invocations=3 (full 1):
 def new generation   total 39424K, used 0K [0x04600000, 0x070c0000, 0x0f0a0000)
  eden space 35072K,   0% used [0x04600000, 0x04600000, 0x06840000)
  from space 4352K,   0% used [0x06840000, 0x06840000, 0x06c80000)
  to   space 4352K,   0% used [0x06c80000, 0x06c80000, 0x070c0000)
 tenured generation   total 87424K, used 14550K [0x0f0a0000, 0x14600000, 0x24600000)
   the space 87424K,  16% used [0x0f0a0000, 0x0fed58d8, 0x0fed5a00, 0x14600000)
 Metaspace       used 11909K, capacity 12257K, committed 12288K, reserved 12672K
}
Event: 5.310 GC heap before
{Heap before GC invocations=3 (full 1):
 def new generation   total 39424K, used 34917K [0x04600000, 0x070c0000, 0x0f0a0000)
  eden space 35072K,  99% used [0x04600000, 0x06819638, 0x06840000)
  from space 4352K,   0% used [0x06840000, 0x06840000, 0x06c80000)
  to   space 4352K,   0% used [0x06c80000, 0x06c80000, 0x070c0000)
 tenured generation   total 87424K, used 14550K [0x0f0a0000, 0x14600000, 0x24600000)
   the space 87424K,  16% used [0x0f0a0000, 0x0fed58d8, 0x0fed5a00, 0x14600000)
 Metaspace       used 17039K, capacity 17441K, committed 17536K, reserved 17792K
Event: 5.323 GC heap after
Heap after GC invocations=4 (full 1):
 def new generation   total 39424K, used 4352K [0x04600000, 0x070c0000, 0x0f0a0000)
  eden space 35072K,   0% used [0x04600000, 0x04600000, 0x06840000)
  from space 4352K, 100% used [0x06c80000, 0x070c0000, 0x070c0000)
  to   space 4352K,   0% used [0x06840000, 0x06840000, 0x06c80000)
 tenured generation   total 87424K, used 18400K [0x0f0a0000, 0x14600000, 0x24600000)
   the space 87424K,  21% used [0x0f0a0000, 0x10298250, 0x10298400, 0x14600000)
 Metaspace       used 17039K, capacity 17441K, committed 17536K, reserved 17792K
}
Event: 100.218 GC heap before
{Heap before GC invocations=4 (full 1):
 def new generation   total 39424K, used 39424K [0x04600000, 0x070c0000, 0x0f0a0000)
  eden space 35072K, 100% used [0x04600000, 0x06840000, 0x06840000)
  from space 4352K, 100% used [0x06c80000, 0x070c0000, 0x070c0000)
  to   space 4352K,   0% used [0x06840000, 0x06840000, 0x06c80000)
 tenured generation   total 87424K, used 18400K [0x0f0a0000, 0x14600000, 0x24600000)
   the space 87424K,  21% used [0x0f0a0000, 0x10298250, 0x10298400, 0x14600000)
 Metaspace       used 17638K, capacity 18076K, committed 18176K, reserved 18816K
Event: 100.231 GC heap after
Heap after GC invocations=5 (full 1):
 def new generation   total 39424K, used 3062K [0x04600000, 0x070c0000, 0x0f0a0000)
  eden space 35072K,   0% used [0x04600000, 0x04600000, 0x06840000)
  from space 4352K,  70% used [0x06840000, 0x06b3dbb8, 0x06c80000)
  to   space 4352K,   0% used [0x06c80000, 0x06c80000, 0x070c0000)
 tenured generation   total 87424K, used 30057K [0x0f0a0000, 0x14600000, 0x24600000)
   the space 87424K,  34% used [0x0f0a0000, 0x10dfa780, 0x10dfa800, 0x14600000)
 Metaspace       used 17638K, capacity 18076K, committed 18176K, reserved 18816K
}

